This is pdfTeXk, Version 3.141592-1.40.3 (Web2C 7.5.6) (format=latex 2016.8.16)  17 JAN 2017 15:56
entering extended mode
 %&-line parsing enabled.
**nuthesis.ins
(./nuthesis.ins
LaTeX2e <2005/12/01>
Babel <v3.8h> and hyphenation patterns for english, usenglishmax, dumylang, noh
yphenation, arabic, basque, bulgarian, coptic, welsh, czech, slovak, german, ng
erman, danish, esperanto, spanish, catalan, galician, estonian, farsi, finnish,
 french, greek, monogreek, ancientgreek, croatian, hungarian, interlingua, ibyc
us, indonesian, icelandic, italian, latin, mongolian, dutch, norsk, polish, por
tuguese, pinyin, romanian, russian, slovenian, uppersorbian, serbian, swedish, 
turkish, ukenglish, ukrainian, loaded.
(/usr/share/texmf/tex/latex/base/docstrip.tex
\blockLevel=\count79
\emptyLines=\count80
\processedLines=\count81
\commentsRemoved=\count82
\commentsPassed=\count83
\codeLinesPassed=\count84
\TotalprocessedLines=\count85
\TotalcommentsRemoved=\count86
\TotalcommentsPassed=\count87
\TotalcodeLinesPassed=\count88
\NumberOfFiles=\count89
\inFile=\read1
\inputcheck=\read2
\off@0=\count90
\off@1=\count91
\off@2=\count92
\off@3=\count93
\off@4=\count94
\off@5=\count95
\off@6=\count96
\off@7=\count97
\off@8=\count98
\off@9=\count99
\off@10=\count100
\off@11=\count101
\off@12=\count102
\off@13=\count103
\off@14=\count104
\off@15=\count105
\@maxfiles=\count106
\@maxoutfiles=\count107

Utility: `docstrip' 2.5d <2005/07/29>
English documentation    <1999/03/31>

**********************************************************
* This program converts documented macro-files into fast *
* loadable files by stripping off (nearly) all comments! *
**********************************************************

********************************************************
* No Configuration file found, using default settings. *
********************************************************

)

Generating file(s) ./nuthesis.cls ./skeleton.tex ./thesis-test.tex ./nuthesis.b
ib 
\openout0 = `./nuthesis.cls'.

\openout1 = `./skeleton.tex'.

\openout2 = `./thesis-test.tex'.

\openout3 = `./nuthesis.bib'.


Processing file nuthesis.dtx (class) -> nuthesis.cls
                             (skeleton) -> skeleton.tex
                             (thesis-test) -> thesis-test.tex
                             (bib) -> nuthesis.bib
File nuthesis.dtx ended by \endinput.
Lines  processed: 1603
Comments removed: 679
Comments  passed: 102
Codelines passed: 780

*************************************************************
*                                                           *
* To finish the installation you have to move the following *
* file into a directory searched by TeX:                    *
*     nuthesis.cls                                          *
*                                                           *
* To produce the documentation run the file nuthesis.dtx    *
* through (pdf)LaTeX.                                       *
*     (pdf)latex nuthesis.dtx                               *
*     makeindex -s gglo -o nuthesis.gls nuthesis.glo        *
*     bibtex nuthesis                                       *
*     (pdf)latex nuthesis.dtx                               *
*     (pdf)latex nuthesis.dtx                               *
*                                                           *
* To produce the command index run the following            *
*     makeindex -s gind nuthesis                            *
*     and then (pdf)LaTeX again                             *
*                                                           *
* Happy TeXing!                                             *
*                                                           *
*************************************************************
 ) 
Here is how much of TeX's memory you used:
 342 strings out of 256215
 3512 string characters out of 1917023
 53619 words of memory out of 1500000
 3718 multiletter control sequences out of 10000+200000
 3640 words of font info for 14 fonts, out of 1200000 for 2000
 645 hyphenation exceptions out of 8191
 13i,0n,15p,120b,156s stack positions out of 5000i,500n,6000p,200000b,15000s

No pages of output.
